ARM GAS  /tmp/ccRwTOdF.s 			page 1


   1              		.cpu cortex-m3
   2              		.arch armv7-m
   3              		.fpu softvfp
   4              		.eabi_attribute 20, 1
   5              		.eabi_attribute 21, 1
   6              		.eabi_attribute 23, 3
   7              		.eabi_attribute 24, 1
   8              		.eabi_attribute 25, 1
   9              		.eabi_attribute 26, 1
  10              		.eabi_attribute 30, 1
  11              		.eabi_attribute 34, 1
  12              		.eabi_attribute 18, 4
  13              		.file	"gpio.c"
  14              		.text
  15              	.Ltext0:
  16              		.cfi_sections	.debug_frame
  17              		.file 1 "Core/Src/gpio.c"
  18              		.section	.text.MX_GPIO_Init,"ax",%progbits
  19              		.align	1
  20              		.global	MX_GPIO_Init
  21              		.syntax unified
  22              		.thumb
  23              		.thumb_func
  25              	MX_GPIO_Init:
  26              	.LFB65:
   1:Core/Src/gpio.c **** /* USER CODE BEGIN Header */
   2:Core/Src/gpio.c **** /**
   3:Core/Src/gpio.c ****   ******************************************************************************
   4:Core/Src/gpio.c ****   * @file    gpio.c
   5:Core/Src/gpio.c ****   * @brief   This file provides code for the configuration
   6:Core/Src/gpio.c ****   *          of all used GPIO pins.
   7:Core/Src/gpio.c ****   ******************************************************************************
   8:Core/Src/gpio.c ****   * @attention
   9:Core/Src/gpio.c ****   *
  10:Core/Src/gpio.c ****   * Copyright (c) 2024 STMicroelectronics.
  11:Core/Src/gpio.c ****   * All rights reserved.
  12:Core/Src/gpio.c ****   *
  13:Core/Src/gpio.c ****   * This software is licensed under terms that can be found in the LICENSE file
  14:Core/Src/gpio.c ****   * in the root directory of this software component.
  15:Core/Src/gpio.c ****   * If no LICENSE file comes with this software, it is provided AS-IS.
  16:Core/Src/gpio.c ****   *
  17:Core/Src/gpio.c ****   ******************************************************************************
  18:Core/Src/gpio.c ****   */
  19:Core/Src/gpio.c **** /* USER CODE END Header */
  20:Core/Src/gpio.c **** 
  21:Core/Src/gpio.c **** /* Includes ------------------------------------------------------------------*/
  22:Core/Src/gpio.c **** #include "gpio.h"
  23:Core/Src/gpio.c **** 
  24:Core/Src/gpio.c **** /* USER CODE BEGIN 0 */
  25:Core/Src/gpio.c **** 
  26:Core/Src/gpio.c **** /* USER CODE END 0 */
  27:Core/Src/gpio.c **** 
  28:Core/Src/gpio.c **** /*----------------------------------------------------------------------------*/
  29:Core/Src/gpio.c **** /* Configure GPIO                                                             */
  30:Core/Src/gpio.c **** /*----------------------------------------------------------------------------*/
  31:Core/Src/gpio.c **** /* USER CODE BEGIN 1 */
  32:Core/Src/gpio.c **** 
ARM GAS  /tmp/ccRwTOdF.s 			page 2


  33:Core/Src/gpio.c **** /* USER CODE END 1 */
  34:Core/Src/gpio.c **** 
  35:Core/Src/gpio.c **** /** Configure pins as
  36:Core/Src/gpio.c ****         * Analog
  37:Core/Src/gpio.c ****         * Input
  38:Core/Src/gpio.c ****         * Output
  39:Core/Src/gpio.c ****         * EVENT_OUT
  40:Core/Src/gpio.c ****         * EXTI
  41:Core/Src/gpio.c **** */
  42:Core/Src/gpio.c **** void MX_GPIO_Init(void)
  43:Core/Src/gpio.c **** {
  27              		.loc 1 43 1 view -0
  28              		.cfi_startproc
  29              		@ args = 0, pretend = 0, frame = 32
  30              		@ frame_needed = 0, uses_anonymous_args = 0
  31 0000 30B5     		push	{r4, r5, lr}
  32              	.LCFI0:
  33              		.cfi_def_cfa_offset 12
  34              		.cfi_offset 4, -12
  35              		.cfi_offset 5, -8
  36              		.cfi_offset 14, -4
  37 0002 89B0     		sub	sp, sp, #36
  38              	.LCFI1:
  39              		.cfi_def_cfa_offset 48
  44:Core/Src/gpio.c **** 
  45:Core/Src/gpio.c ****   GPIO_InitTypeDef GPIO_InitStruct = {0};
  40              		.loc 1 45 3 view .LVU1
  41              		.loc 1 45 20 is_stmt 0 view .LVU2
  42 0004 0024     		movs	r4, #0
  43 0006 0494     		str	r4, [sp, #16]
  44 0008 0594     		str	r4, [sp, #20]
  45 000a 0694     		str	r4, [sp, #24]
  46 000c 0794     		str	r4, [sp, #28]
  46:Core/Src/gpio.c **** 
  47:Core/Src/gpio.c ****   /* GPIO Ports Clock Enable */
  48:Core/Src/gpio.c ****   __HAL_RCC_GPIOD_CLK_ENABLE();
  47              		.loc 1 48 3 is_stmt 1 view .LVU3
  48              	.LBB2:
  49              		.loc 1 48 3 view .LVU4
  50              		.loc 1 48 3 view .LVU5
  51 000e 204B     		ldr	r3, .L3
  52 0010 9A69     		ldr	r2, [r3, #24]
  53 0012 42F02002 		orr	r2, r2, #32
  54 0016 9A61     		str	r2, [r3, #24]
  55              		.loc 1 48 3 view .LVU6
  56 0018 9A69     		ldr	r2, [r3, #24]
  57 001a 02F02002 		and	r2, r2, #32
  58 001e 0192     		str	r2, [sp, #4]
  59              		.loc 1 48 3 view .LVU7
  60 0020 019A     		ldr	r2, [sp, #4]
  61              	.LBE2:
  62              		.loc 1 48 3 view .LVU8
  49:Core/Src/gpio.c ****   __HAL_RCC_GPIOA_CLK_ENABLE();
  63              		.loc 1 49 3 view .LVU9
  64              	.LBB3:
  65              		.loc 1 49 3 view .LVU10
  66              		.loc 1 49 3 view .LVU11
ARM GAS  /tmp/ccRwTOdF.s 			page 3


  67 0022 9A69     		ldr	r2, [r3, #24]
  68 0024 42F00402 		orr	r2, r2, #4
  69 0028 9A61     		str	r2, [r3, #24]
  70              		.loc 1 49 3 view .LVU12
  71 002a 9A69     		ldr	r2, [r3, #24]
  72 002c 02F00402 		and	r2, r2, #4
  73 0030 0292     		str	r2, [sp, #8]
  74              		.loc 1 49 3 view .LVU13
  75 0032 029A     		ldr	r2, [sp, #8]
  76              	.LBE3:
  77              		.loc 1 49 3 view .LVU14
  50:Core/Src/gpio.c ****   __HAL_RCC_GPIOB_CLK_ENABLE();
  78              		.loc 1 50 3 view .LVU15
  79              	.LBB4:
  80              		.loc 1 50 3 view .LVU16
  81              		.loc 1 50 3 view .LVU17
  82 0034 9A69     		ldr	r2, [r3, #24]
  83 0036 42F00802 		orr	r2, r2, #8
  84 003a 9A61     		str	r2, [r3, #24]
  85              		.loc 1 50 3 view .LVU18
  86 003c 9B69     		ldr	r3, [r3, #24]
  87 003e 03F00803 		and	r3, r3, #8
  88 0042 0393     		str	r3, [sp, #12]
  89              		.loc 1 50 3 view .LVU19
  90 0044 039B     		ldr	r3, [sp, #12]
  91              	.LBE4:
  92              		.loc 1 50 3 view .LVU20
  51:Core/Src/gpio.c **** 
  52:Core/Src/gpio.c ****   /*Configure GPIO pin Output Level */
  53:Core/Src/gpio.c ****   HAL_GPIO_WritePin(GPIOB, Trig_Pin|BIN2_Pin|BIN1_Pin|AIN1_Pin
  93              		.loc 1 53 3 view .LVU21
  94 0046 134D     		ldr	r5, .L3+4
  95 0048 2246     		mov	r2, r4
  96 004a 4FF20101 		movw	r1, #61441
  97 004e 2846     		mov	r0, r5
  98 0050 FFF7FEFF 		bl	HAL_GPIO_WritePin
  99              	.LVL0:
  54:Core/Src/gpio.c ****                           |AIN2_Pin, GPIO_PIN_RESET);
  55:Core/Src/gpio.c **** 
  56:Core/Src/gpio.c ****   /*Configure GPIO pins : PAPin PAPin PAPin */
  57:Core/Src/gpio.c ****   GPIO_InitStruct.Pin = infrared_Pin|M1A_Pin|M1B_Pin;
 100              		.loc 1 57 3 view .LVU22
 101              		.loc 1 57 23 is_stmt 0 view .LVU23
 102 0054 D023     		movs	r3, #208
 103 0056 0493     		str	r3, [sp, #16]
  58:Core/Src/gpio.c ****   GPIO_InitStruct.Mode = GPIO_MODE_INPUT;
 104              		.loc 1 58 3 is_stmt 1 view .LVU24
 105              		.loc 1 58 24 is_stmt 0 view .LVU25
 106 0058 0594     		str	r4, [sp, #20]
  59:Core/Src/gpio.c ****   GPIO_InitStruct.Pull = GPIO_NOPULL;
 107              		.loc 1 59 3 is_stmt 1 view .LVU26
 108              		.loc 1 59 24 is_stmt 0 view .LVU27
 109 005a 0694     		str	r4, [sp, #24]
  60:Core/Src/gpio.c ****   HAL_GPIO_Init(GPIOA, &GPIO_InitStruct);
 110              		.loc 1 60 3 is_stmt 1 view .LVU28
 111 005c 04A9     		add	r1, sp, #16
 112 005e 0E48     		ldr	r0, .L3+8
ARM GAS  /tmp/ccRwTOdF.s 			page 4


 113 0060 FFF7FEFF 		bl	HAL_GPIO_Init
 114              	.LVL1:
  61:Core/Src/gpio.c **** 
  62:Core/Src/gpio.c ****   /*Configure GPIO pins : PBPin PBPin PBPin PBPin
  63:Core/Src/gpio.c ****                            PBPin */
  64:Core/Src/gpio.c ****   GPIO_InitStruct.Pin = Trig_Pin|BIN2_Pin|BIN1_Pin|AIN1_Pin
 115              		.loc 1 64 3 view .LVU29
 116              		.loc 1 64 23 is_stmt 0 view .LVU30
 117 0064 4FF20103 		movw	r3, #61441
 118 0068 0493     		str	r3, [sp, #16]
  65:Core/Src/gpio.c ****                           |AIN2_Pin;
  66:Core/Src/gpio.c ****   GPIO_InitStruct.Mode = GPIO_MODE_OUTPUT_PP;
 119              		.loc 1 66 3 is_stmt 1 view .LVU31
 120              		.loc 1 66 24 is_stmt 0 view .LVU32
 121 006a 0123     		movs	r3, #1
 122 006c 0593     		str	r3, [sp, #20]
  67:Core/Src/gpio.c ****   GPIO_InitStruct.Pull = GPIO_NOPULL;
 123              		.loc 1 67 3 is_stmt 1 view .LVU33
 124              		.loc 1 67 24 is_stmt 0 view .LVU34
 125 006e 0694     		str	r4, [sp, #24]
  68:Core/Src/gpio.c ****   GPIO_InitStruct.Speed = GPIO_SPEED_FREQ_LOW;
 126              		.loc 1 68 3 is_stmt 1 view .LVU35
 127              		.loc 1 68 25 is_stmt 0 view .LVU36
 128 0070 0223     		movs	r3, #2
 129 0072 0793     		str	r3, [sp, #28]
  69:Core/Src/gpio.c ****   HAL_GPIO_Init(GPIOB, &GPIO_InitStruct);
 130              		.loc 1 69 3 is_stmt 1 view .LVU37
 131 0074 04A9     		add	r1, sp, #16
 132 0076 2846     		mov	r0, r5
 133 0078 FFF7FEFF 		bl	HAL_GPIO_Init
 134              	.LVL2:
  70:Core/Src/gpio.c **** 
  71:Core/Src/gpio.c ****   /*Configure GPIO pins : PBPin PBPin PBPin */
  72:Core/Src/gpio.c ****   GPIO_InitStruct.Pin = Echo_Pin|M2A_Pin|M2B_Pin;
 135              		.loc 1 72 3 view .LVU38
 136              		.loc 1 72 23 is_stmt 0 view .LVU39
 137 007c C223     		movs	r3, #194
 138 007e 0493     		str	r3, [sp, #16]
  73:Core/Src/gpio.c ****   GPIO_InitStruct.Mode = GPIO_MODE_INPUT;
 139              		.loc 1 73 3 is_stmt 1 view .LVU40
 140              		.loc 1 73 24 is_stmt 0 view .LVU41
 141 0080 0594     		str	r4, [sp, #20]
  74:Core/Src/gpio.c ****   GPIO_InitStruct.Pull = GPIO_NOPULL;
 142              		.loc 1 74 3 is_stmt 1 view .LVU42
 143              		.loc 1 74 24 is_stmt 0 view .LVU43
 144 0082 0694     		str	r4, [sp, #24]
  75:Core/Src/gpio.c ****   HAL_GPIO_Init(GPIOB, &GPIO_InitStruct);
 145              		.loc 1 75 3 is_stmt 1 view .LVU44
 146 0084 04A9     		add	r1, sp, #16
 147 0086 2846     		mov	r0, r5
 148 0088 FFF7FEFF 		bl	HAL_GPIO_Init
 149              	.LVL3:
  76:Core/Src/gpio.c **** 
  77:Core/Src/gpio.c **** }
 150              		.loc 1 77 1 is_stmt 0 view .LVU45
 151 008c 09B0     		add	sp, sp, #36
 152              	.LCFI2:
ARM GAS  /tmp/ccRwTOdF.s 			page 5


 153              		.cfi_def_cfa_offset 12
 154              		@ sp needed
 155 008e 30BD     		pop	{r4, r5, pc}
 156              	.L4:
 157              		.align	2
 158              	.L3:
 159 0090 00100240 		.word	1073876992
 160 0094 000C0140 		.word	1073810432
 161 0098 00080140 		.word	1073809408
 162              		.cfi_endproc
 163              	.LFE65:
 165              		.text
 166              	.Letext0:
 167              		.file 2 "/usr/lib/gcc/arm-none-eabi/12.2.1/include/stdint.h"
 168              		.file 3 "Drivers/CMSIS/Device/ST/STM32F1xx/Include/stm32f103xb.h"
 169              		.file 4 "Drivers/STM32F1xx_HAL_Driver/Inc/stm32f1xx_hal_gpio.h"
ARM GAS  /tmp/ccRwTOdF.s 			page 6


DEFINED SYMBOLS
                            *ABS*:0000000000000000 gpio.c
     /tmp/ccRwTOdF.s:19     .text.MX_GPIO_Init:0000000000000000 $t
     /tmp/ccRwTOdF.s:25     .text.MX_GPIO_Init:0000000000000000 MX_GPIO_Init
     /tmp/ccRwTOdF.s:159    .text.MX_GPIO_Init:0000000000000090 $d

UNDEFINED SYMBOLS
HAL_GPIO_WritePin
HAL_GPIO_Init
