ARM GAS  /tmp/ccM1Jfxj.s 			page 1


   1              		.cpu cortex-m3
   2              		.arch armv7-m
   3              		.fpu softvfp
   4              		.eabi_attribute 20, 1
   5              		.eabi_attribute 21, 1
   6              		.eabi_attribute 23, 3
   7              		.eabi_attribute 24, 1
   8              		.eabi_attribute 25, 1
   9              		.eabi_attribute 26, 1
  10              		.eabi_attribute 30, 1
  11              		.eabi_attribute 34, 1
  12              		.eabi_attribute 18, 4
  13              		.file	"usart.c"
  14              		.text
  15              	.Ltext0:
  16              		.cfi_sections	.debug_frame
  17              		.file 1 "Core/Src/usart.c"
  18              		.section	.text.MX_USART1_UART_Init,"ax",%progbits
  19              		.align	1
  20              		.global	MX_USART1_UART_Init
  21              		.syntax unified
  22              		.thumb
  23              		.thumb_func
  25              	MX_USART1_UART_Init:
  26              	.LFB65:
   1:Core/Src/usart.c **** /* USER CODE BEGIN Header */
   2:Core/Src/usart.c **** /**
   3:Core/Src/usart.c ****   ******************************************************************************
   4:Core/Src/usart.c ****   * @file    usart.c
   5:Core/Src/usart.c ****   * @brief   This file provides code for the configuration
   6:Core/Src/usart.c ****   *          of the USART instances.
   7:Core/Src/usart.c ****   ******************************************************************************
   8:Core/Src/usart.c ****   * @attention
   9:Core/Src/usart.c ****   *
  10:Core/Src/usart.c ****   * Copyright (c) 2024 STMicroelectronics.
  11:Core/Src/usart.c ****   * All rights reserved.
  12:Core/Src/usart.c ****   *
  13:Core/Src/usart.c ****   * This software is licensed under terms that can be found in the LICENSE file
  14:Core/Src/usart.c ****   * in the root directory of this software component.
  15:Core/Src/usart.c ****   * If no LICENSE file comes with this software, it is provided AS-IS.
  16:Core/Src/usart.c ****   *
  17:Core/Src/usart.c ****   ******************************************************************************
  18:Core/Src/usart.c ****   */
  19:Core/Src/usart.c **** /* USER CODE END Header */
  20:Core/Src/usart.c **** /* Includes ------------------------------------------------------------------*/
  21:Core/Src/usart.c **** #include "usart.h"
  22:Core/Src/usart.c **** 
  23:Core/Src/usart.c **** /* USER CODE BEGIN 0 */
  24:Core/Src/usart.c **** 
  25:Core/Src/usart.c **** /* USER CODE END 0 */
  26:Core/Src/usart.c **** 
  27:Core/Src/usart.c **** UART_HandleTypeDef huart1;
  28:Core/Src/usart.c **** UART_HandleTypeDef huart3;
  29:Core/Src/usart.c **** 
  30:Core/Src/usart.c **** /* USART1 init function */
  31:Core/Src/usart.c **** 
  32:Core/Src/usart.c **** void MX_USART1_UART_Init(void)
ARM GAS  /tmp/ccM1Jfxj.s 			page 2


  33:Core/Src/usart.c **** {
  27              		.loc 1 33 1 view -0
  28              		.cfi_startproc
  29              		@ args = 0, pretend = 0, frame = 0
  30              		@ frame_needed = 0, uses_anonymous_args = 0
  31 0000 08B5     		push	{r3, lr}
  32              	.LCFI0:
  33              		.cfi_def_cfa_offset 8
  34              		.cfi_offset 3, -8
  35              		.cfi_offset 14, -4
  34:Core/Src/usart.c **** 
  35:Core/Src/usart.c ****   /* USER CODE BEGIN USART1_Init 0 */
  36:Core/Src/usart.c **** 
  37:Core/Src/usart.c ****   /* USER CODE END USART1_Init 0 */
  38:Core/Src/usart.c **** 
  39:Core/Src/usart.c ****   /* USER CODE BEGIN USART1_Init 1 */
  40:Core/Src/usart.c **** 
  41:Core/Src/usart.c ****   /* USER CODE END USART1_Init 1 */
  42:Core/Src/usart.c ****   huart1.Instance = USART1;
  36              		.loc 1 42 3 view .LVU1
  37              		.loc 1 42 19 is_stmt 0 view .LVU2
  38 0002 0A48     		ldr	r0, .L5
  39 0004 0A4B     		ldr	r3, .L5+4
  40 0006 0360     		str	r3, [r0]
  43:Core/Src/usart.c ****   huart1.Init.BaudRate = 115200;
  41              		.loc 1 43 3 is_stmt 1 view .LVU3
  42              		.loc 1 43 24 is_stmt 0 view .LVU4
  43 0008 4FF4E133 		mov	r3, #115200
  44 000c 4360     		str	r3, [r0, #4]
  44:Core/Src/usart.c ****   huart1.Init.WordLength = UART_WORDLENGTH_8B;
  45              		.loc 1 44 3 is_stmt 1 view .LVU5
  46              		.loc 1 44 26 is_stmt 0 view .LVU6
  47 000e 0023     		movs	r3, #0
  48 0010 8360     		str	r3, [r0, #8]
  45:Core/Src/usart.c ****   huart1.Init.StopBits = UART_STOPBITS_1;
  49              		.loc 1 45 3 is_stmt 1 view .LVU7
  50              		.loc 1 45 24 is_stmt 0 view .LVU8
  51 0012 C360     		str	r3, [r0, #12]
  46:Core/Src/usart.c ****   huart1.Init.Parity = UART_PARITY_NONE;
  52              		.loc 1 46 3 is_stmt 1 view .LVU9
  53              		.loc 1 46 22 is_stmt 0 view .LVU10
  54 0014 0361     		str	r3, [r0, #16]
  47:Core/Src/usart.c ****   huart1.Init.Mode = UART_MODE_TX_RX;
  55              		.loc 1 47 3 is_stmt 1 view .LVU11
  56              		.loc 1 47 20 is_stmt 0 view .LVU12
  57 0016 0C22     		movs	r2, #12
  58 0018 4261     		str	r2, [r0, #20]
  48:Core/Src/usart.c ****   huart1.Init.HwFlowCtl = UART_HWCONTROL_NONE;
  59              		.loc 1 48 3 is_stmt 1 view .LVU13
  60              		.loc 1 48 25 is_stmt 0 view .LVU14
  61 001a 8361     		str	r3, [r0, #24]
  49:Core/Src/usart.c ****   huart1.Init.OverSampling = UART_OVERSAMPLING_16;
  62              		.loc 1 49 3 is_stmt 1 view .LVU15
  63              		.loc 1 49 28 is_stmt 0 view .LVU16
  64 001c C361     		str	r3, [r0, #28]
  50:Core/Src/usart.c ****   if (HAL_UART_Init(&huart1) != HAL_OK)
  65              		.loc 1 50 3 is_stmt 1 view .LVU17
ARM GAS  /tmp/ccM1Jfxj.s 			page 3


  66              		.loc 1 50 7 is_stmt 0 view .LVU18
  67 001e FFF7FEFF 		bl	HAL_UART_Init
  68              	.LVL0:
  69              		.loc 1 50 6 view .LVU19
  70 0022 00B9     		cbnz	r0, .L4
  71              	.L1:
  51:Core/Src/usart.c ****   {
  52:Core/Src/usart.c ****     Error_Handler();
  53:Core/Src/usart.c ****   }
  54:Core/Src/usart.c ****   /* USER CODE BEGIN USART1_Init 2 */
  55:Core/Src/usart.c **** 
  56:Core/Src/usart.c ****   /* USER CODE END USART1_Init 2 */
  57:Core/Src/usart.c **** 
  58:Core/Src/usart.c **** }
  72              		.loc 1 58 1 view .LVU20
  73 0024 08BD     		pop	{r3, pc}
  74              	.L4:
  52:Core/Src/usart.c ****   }
  75              		.loc 1 52 5 is_stmt 1 view .LVU21
  76 0026 FFF7FEFF 		bl	Error_Handler
  77              	.LVL1:
  78              		.loc 1 58 1 is_stmt 0 view .LVU22
  79 002a FBE7     		b	.L1
  80              	.L6:
  81              		.align	2
  82              	.L5:
  83 002c 00000000 		.word	huart1
  84 0030 00380140 		.word	1073821696
  85              		.cfi_endproc
  86              	.LFE65:
  88              		.section	.text.MX_USART3_UART_Init,"ax",%progbits
  89              		.align	1
  90              		.global	MX_USART3_UART_Init
  91              		.syntax unified
  92              		.thumb
  93              		.thumb_func
  95              	MX_USART3_UART_Init:
  96              	.LFB66:
  59:Core/Src/usart.c **** /* USART3 init function */
  60:Core/Src/usart.c **** 
  61:Core/Src/usart.c **** void MX_USART3_UART_Init(void)
  62:Core/Src/usart.c **** {
  97              		.loc 1 62 1 is_stmt 1 view -0
  98              		.cfi_startproc
  99              		@ args = 0, pretend = 0, frame = 0
 100              		@ frame_needed = 0, uses_anonymous_args = 0
 101 0000 08B5     		push	{r3, lr}
 102              	.LCFI1:
 103              		.cfi_def_cfa_offset 8
 104              		.cfi_offset 3, -8
 105              		.cfi_offset 14, -4
  63:Core/Src/usart.c **** 
  64:Core/Src/usart.c ****   /* USER CODE BEGIN USART3_Init 0 */
  65:Core/Src/usart.c **** 
  66:Core/Src/usart.c ****   /* USER CODE END USART3_Init 0 */
  67:Core/Src/usart.c **** 
  68:Core/Src/usart.c ****   /* USER CODE BEGIN USART3_Init 1 */
ARM GAS  /tmp/ccM1Jfxj.s 			page 4


  69:Core/Src/usart.c **** 
  70:Core/Src/usart.c ****   /* USER CODE END USART3_Init 1 */
  71:Core/Src/usart.c ****   huart3.Instance = USART3;
 106              		.loc 1 71 3 view .LVU24
 107              		.loc 1 71 19 is_stmt 0 view .LVU25
 108 0002 0A48     		ldr	r0, .L11
 109 0004 0A4B     		ldr	r3, .L11+4
 110 0006 0360     		str	r3, [r0]
  72:Core/Src/usart.c ****   huart3.Init.BaudRate = 115200;
 111              		.loc 1 72 3 is_stmt 1 view .LVU26
 112              		.loc 1 72 24 is_stmt 0 view .LVU27
 113 0008 4FF4E133 		mov	r3, #115200
 114 000c 4360     		str	r3, [r0, #4]
  73:Core/Src/usart.c ****   huart3.Init.WordLength = UART_WORDLENGTH_8B;
 115              		.loc 1 73 3 is_stmt 1 view .LVU28
 116              		.loc 1 73 26 is_stmt 0 view .LVU29
 117 000e 0023     		movs	r3, #0
 118 0010 8360     		str	r3, [r0, #8]
  74:Core/Src/usart.c ****   huart3.Init.StopBits = UART_STOPBITS_1;
 119              		.loc 1 74 3 is_stmt 1 view .LVU30
 120              		.loc 1 74 24 is_stmt 0 view .LVU31
 121 0012 C360     		str	r3, [r0, #12]
  75:Core/Src/usart.c ****   huart3.Init.Parity = UART_PARITY_NONE;
 122              		.loc 1 75 3 is_stmt 1 view .LVU32
 123              		.loc 1 75 22 is_stmt 0 view .LVU33
 124 0014 0361     		str	r3, [r0, #16]
  76:Core/Src/usart.c ****   huart3.Init.Mode = UART_MODE_TX_RX;
 125              		.loc 1 76 3 is_stmt 1 view .LVU34
 126              		.loc 1 76 20 is_stmt 0 view .LVU35
 127 0016 0C22     		movs	r2, #12
 128 0018 4261     		str	r2, [r0, #20]
  77:Core/Src/usart.c ****   huart3.Init.HwFlowCtl = UART_HWCONTROL_NONE;
 129              		.loc 1 77 3 is_stmt 1 view .LVU36
 130              		.loc 1 77 25 is_stmt 0 view .LVU37
 131 001a 8361     		str	r3, [r0, #24]
  78:Core/Src/usart.c ****   huart3.Init.OverSampling = UART_OVERSAMPLING_16;
 132              		.loc 1 78 3 is_stmt 1 view .LVU38
 133              		.loc 1 78 28 is_stmt 0 view .LVU39
 134 001c C361     		str	r3, [r0, #28]
  79:Core/Src/usart.c ****   if (HAL_UART_Init(&huart3) != HAL_OK)
 135              		.loc 1 79 3 is_stmt 1 view .LVU40
 136              		.loc 1 79 7 is_stmt 0 view .LVU41
 137 001e FFF7FEFF 		bl	HAL_UART_Init
 138              	.LVL2:
 139              		.loc 1 79 6 view .LVU42
 140 0022 00B9     		cbnz	r0, .L10
 141              	.L7:
  80:Core/Src/usart.c ****   {
  81:Core/Src/usart.c ****     Error_Handler();
  82:Core/Src/usart.c ****   }
  83:Core/Src/usart.c ****   /* USER CODE BEGIN USART3_Init 2 */
  84:Core/Src/usart.c **** 
  85:Core/Src/usart.c ****   /* USER CODE END USART3_Init 2 */
  86:Core/Src/usart.c **** 
  87:Core/Src/usart.c **** }
 142              		.loc 1 87 1 view .LVU43
 143 0024 08BD     		pop	{r3, pc}
ARM GAS  /tmp/ccM1Jfxj.s 			page 5


 144              	.L10:
  81:Core/Src/usart.c ****   }
 145              		.loc 1 81 5 is_stmt 1 view .LVU44
 146 0026 FFF7FEFF 		bl	Error_Handler
 147              	.LVL3:
 148              		.loc 1 87 1 is_stmt 0 view .LVU45
 149 002a FBE7     		b	.L7
 150              	.L12:
 151              		.align	2
 152              	.L11:
 153 002c 00000000 		.word	huart3
 154 0030 00480040 		.word	1073760256
 155              		.cfi_endproc
 156              	.LFE66:
 158              		.section	.text.HAL_UART_MspInit,"ax",%progbits
 159              		.align	1
 160              		.global	HAL_UART_MspInit
 161              		.syntax unified
 162              		.thumb
 163              		.thumb_func
 165              	HAL_UART_MspInit:
 166              	.LVL4:
 167              	.LFB67:
  88:Core/Src/usart.c **** 
  89:Core/Src/usart.c **** void HAL_UART_MspInit(UART_HandleTypeDef* uartHandle)
  90:Core/Src/usart.c **** {
 168              		.loc 1 90 1 is_stmt 1 view -0
 169              		.cfi_startproc
 170              		@ args = 0, pretend = 0, frame = 32
 171              		@ frame_needed = 0, uses_anonymous_args = 0
 172              		.loc 1 90 1 is_stmt 0 view .LVU47
 173 0000 10B5     		push	{r4, lr}
 174              	.LCFI2:
 175              		.cfi_def_cfa_offset 8
 176              		.cfi_offset 4, -8
 177              		.cfi_offset 14, -4
 178 0002 88B0     		sub	sp, sp, #32
 179              	.LCFI3:
 180              		.cfi_def_cfa_offset 40
  91:Core/Src/usart.c **** 
  92:Core/Src/usart.c ****   GPIO_InitTypeDef GPIO_InitStruct = {0};
 181              		.loc 1 92 3 is_stmt 1 view .LVU48
 182              		.loc 1 92 20 is_stmt 0 view .LVU49
 183 0004 0023     		movs	r3, #0
 184 0006 0493     		str	r3, [sp, #16]
 185 0008 0593     		str	r3, [sp, #20]
 186 000a 0693     		str	r3, [sp, #24]
 187 000c 0793     		str	r3, [sp, #28]
  93:Core/Src/usart.c ****   if(uartHandle->Instance==USART1)
 188              		.loc 1 93 3 is_stmt 1 view .LVU50
 189              		.loc 1 93 16 is_stmt 0 view .LVU51
 190 000e 0368     		ldr	r3, [r0]
 191              		.loc 1 93 5 view .LVU52
 192 0010 2D4A     		ldr	r2, .L19
 193 0012 9342     		cmp	r3, r2
 194 0014 04D0     		beq	.L17
  94:Core/Src/usart.c ****   {
ARM GAS  /tmp/ccM1Jfxj.s 			page 6


  95:Core/Src/usart.c ****   /* USER CODE BEGIN USART1_MspInit 0 */
  96:Core/Src/usart.c **** 
  97:Core/Src/usart.c ****   /* USER CODE END USART1_MspInit 0 */
  98:Core/Src/usart.c ****     /* USART1 clock enable */
  99:Core/Src/usart.c ****     __HAL_RCC_USART1_CLK_ENABLE();
 100:Core/Src/usart.c **** 
 101:Core/Src/usart.c ****     __HAL_RCC_GPIOA_CLK_ENABLE();
 102:Core/Src/usart.c ****     /**USART1 GPIO Configuration
 103:Core/Src/usart.c ****     PA9     ------> USART1_TX
 104:Core/Src/usart.c ****     PA10     ------> USART1_RX
 105:Core/Src/usart.c ****     */
 106:Core/Src/usart.c ****     GPIO_InitStruct.Pin = GPIO_PIN_9;
 107:Core/Src/usart.c ****     GPIO_InitStruct.Mode = GPIO_MODE_AF_PP;
 108:Core/Src/usart.c ****     GPIO_InitStruct.Speed = GPIO_SPEED_FREQ_HIGH;
 109:Core/Src/usart.c ****     HAL_GPIO_Init(GPIOA, &GPIO_InitStruct);
 110:Core/Src/usart.c **** 
 111:Core/Src/usart.c ****     GPIO_InitStruct.Pin = GPIO_PIN_10;
 112:Core/Src/usart.c ****     GPIO_InitStruct.Mode = GPIO_MODE_INPUT;
 113:Core/Src/usart.c ****     GPIO_InitStruct.Pull = GPIO_NOPULL;
 114:Core/Src/usart.c ****     HAL_GPIO_Init(GPIOA, &GPIO_InitStruct);
 115:Core/Src/usart.c **** 
 116:Core/Src/usart.c ****   /* USER CODE BEGIN USART1_MspInit 1 */
 117:Core/Src/usart.c **** 
 118:Core/Src/usart.c ****   /* USER CODE END USART1_MspInit 1 */
 119:Core/Src/usart.c ****   }
 120:Core/Src/usart.c ****   else if(uartHandle->Instance==USART3)
 195              		.loc 1 120 8 is_stmt 1 view .LVU53
 196              		.loc 1 120 10 is_stmt 0 view .LVU54
 197 0016 2D4A     		ldr	r2, .L19+4
 198 0018 9342     		cmp	r3, r2
 199 001a 2BD0     		beq	.L18
 200              	.LVL5:
 201              	.L13:
 121:Core/Src/usart.c ****   {
 122:Core/Src/usart.c ****   /* USER CODE BEGIN USART3_MspInit 0 */
 123:Core/Src/usart.c **** 
 124:Core/Src/usart.c ****   /* USER CODE END USART3_MspInit 0 */
 125:Core/Src/usart.c ****     /* USART3 clock enable */
 126:Core/Src/usart.c ****     __HAL_RCC_USART3_CLK_ENABLE();
 127:Core/Src/usart.c **** 
 128:Core/Src/usart.c ****     __HAL_RCC_GPIOB_CLK_ENABLE();
 129:Core/Src/usart.c ****     /**USART3 GPIO Configuration
 130:Core/Src/usart.c ****     PB10     ------> USART3_TX
 131:Core/Src/usart.c ****     PB11     ------> USART3_RX
 132:Core/Src/usart.c ****     */
 133:Core/Src/usart.c ****     GPIO_InitStruct.Pin = GPIO_PIN_10;
 134:Core/Src/usart.c ****     GPIO_InitStruct.Mode = GPIO_MODE_AF_PP;
 135:Core/Src/usart.c ****     GPIO_InitStruct.Speed = GPIO_SPEED_FREQ_HIGH;
 136:Core/Src/usart.c ****     HAL_GPIO_Init(GPIOB, &GPIO_InitStruct);
 137:Core/Src/usart.c **** 
 138:Core/Src/usart.c ****     GPIO_InitStruct.Pin = GPIO_PIN_11;
 139:Core/Src/usart.c ****     GPIO_InitStruct.Mode = GPIO_MODE_INPUT;
 140:Core/Src/usart.c ****     GPIO_InitStruct.Pull = GPIO_NOPULL;
 141:Core/Src/usart.c ****     HAL_GPIO_Init(GPIOB, &GPIO_InitStruct);
 142:Core/Src/usart.c **** 
 143:Core/Src/usart.c ****   /* USER CODE BEGIN USART3_MspInit 1 */
 144:Core/Src/usart.c **** 
ARM GAS  /tmp/ccM1Jfxj.s 			page 7


 145:Core/Src/usart.c ****   /* USER CODE END USART3_MspInit 1 */
 146:Core/Src/usart.c ****   }
 147:Core/Src/usart.c **** }
 202              		.loc 1 147 1 view .LVU55
 203 001c 08B0     		add	sp, sp, #32
 204              	.LCFI4:
 205              		.cfi_remember_state
 206              		.cfi_def_cfa_offset 8
 207              		@ sp needed
 208 001e 10BD     		pop	{r4, pc}
 209              	.LVL6:
 210              	.L17:
 211              	.LCFI5:
 212              		.cfi_restore_state
  99:Core/Src/usart.c **** 
 213              		.loc 1 99 5 is_stmt 1 view .LVU56
 214              	.LBB2:
  99:Core/Src/usart.c **** 
 215              		.loc 1 99 5 view .LVU57
  99:Core/Src/usart.c **** 
 216              		.loc 1 99 5 view .LVU58
 217 0020 2B4B     		ldr	r3, .L19+8
 218 0022 9A69     		ldr	r2, [r3, #24]
 219 0024 42F48042 		orr	r2, r2, #16384
 220 0028 9A61     		str	r2, [r3, #24]
  99:Core/Src/usart.c **** 
 221              		.loc 1 99 5 view .LVU59
 222 002a 9A69     		ldr	r2, [r3, #24]
 223 002c 02F48042 		and	r2, r2, #16384
 224 0030 0092     		str	r2, [sp]
  99:Core/Src/usart.c **** 
 225              		.loc 1 99 5 view .LVU60
 226 0032 009A     		ldr	r2, [sp]
 227              	.LBE2:
  99:Core/Src/usart.c **** 
 228              		.loc 1 99 5 view .LVU61
 101:Core/Src/usart.c ****     /**USART1 GPIO Configuration
 229              		.loc 1 101 5 view .LVU62
 230              	.LBB3:
 101:Core/Src/usart.c ****     /**USART1 GPIO Configuration
 231              		.loc 1 101 5 view .LVU63
 101:Core/Src/usart.c ****     /**USART1 GPIO Configuration
 232              		.loc 1 101 5 view .LVU64
 233 0034 9A69     		ldr	r2, [r3, #24]
 234 0036 42F00402 		orr	r2, r2, #4
 235 003a 9A61     		str	r2, [r3, #24]
 101:Core/Src/usart.c ****     /**USART1 GPIO Configuration
 236              		.loc 1 101 5 view .LVU65
 237 003c 9B69     		ldr	r3, [r3, #24]
 238 003e 03F00403 		and	r3, r3, #4
 239 0042 0193     		str	r3, [sp, #4]
 101:Core/Src/usart.c ****     /**USART1 GPIO Configuration
 240              		.loc 1 101 5 view .LVU66
 241 0044 019B     		ldr	r3, [sp, #4]
 242              	.LBE3:
 101:Core/Src/usart.c ****     /**USART1 GPIO Configuration
 243              		.loc 1 101 5 view .LVU67
ARM GAS  /tmp/ccM1Jfxj.s 			page 8


 106:Core/Src/usart.c ****     GPIO_InitStruct.Mode = GPIO_MODE_AF_PP;
 244              		.loc 1 106 5 view .LVU68
 106:Core/Src/usart.c ****     GPIO_InitStruct.Mode = GPIO_MODE_AF_PP;
 245              		.loc 1 106 25 is_stmt 0 view .LVU69
 246 0046 4FF40073 		mov	r3, #512
 247 004a 0493     		str	r3, [sp, #16]
 107:Core/Src/usart.c ****     GPIO_InitStruct.Speed = GPIO_SPEED_FREQ_HIGH;
 248              		.loc 1 107 5 is_stmt 1 view .LVU70
 107:Core/Src/usart.c ****     GPIO_InitStruct.Speed = GPIO_SPEED_FREQ_HIGH;
 249              		.loc 1 107 26 is_stmt 0 view .LVU71
 250 004c 0223     		movs	r3, #2
 251 004e 0593     		str	r3, [sp, #20]
 108:Core/Src/usart.c ****     HAL_GPIO_Init(GPIOA, &GPIO_InitStruct);
 252              		.loc 1 108 5 is_stmt 1 view .LVU72
 108:Core/Src/usart.c ****     HAL_GPIO_Init(GPIOA, &GPIO_InitStruct);
 253              		.loc 1 108 27 is_stmt 0 view .LVU73
 254 0050 0323     		movs	r3, #3
 255 0052 0793     		str	r3, [sp, #28]
 109:Core/Src/usart.c **** 
 256              		.loc 1 109 5 is_stmt 1 view .LVU74
 257 0054 1F4C     		ldr	r4, .L19+12
 258 0056 04A9     		add	r1, sp, #16
 259 0058 2046     		mov	r0, r4
 260              	.LVL7:
 109:Core/Src/usart.c **** 
 261              		.loc 1 109 5 is_stmt 0 view .LVU75
 262 005a FFF7FEFF 		bl	HAL_GPIO_Init
 263              	.LVL8:
 111:Core/Src/usart.c ****     GPIO_InitStruct.Mode = GPIO_MODE_INPUT;
 264              		.loc 1 111 5 is_stmt 1 view .LVU76
 111:Core/Src/usart.c ****     GPIO_InitStruct.Mode = GPIO_MODE_INPUT;
 265              		.loc 1 111 25 is_stmt 0 view .LVU77
 266 005e 4FF48063 		mov	r3, #1024
 267 0062 0493     		str	r3, [sp, #16]
 112:Core/Src/usart.c ****     GPIO_InitStruct.Pull = GPIO_NOPULL;
 268              		.loc 1 112 5 is_stmt 1 view .LVU78
 112:Core/Src/usart.c ****     GPIO_InitStruct.Pull = GPIO_NOPULL;
 269              		.loc 1 112 26 is_stmt 0 view .LVU79
 270 0064 0023     		movs	r3, #0
 271 0066 0593     		str	r3, [sp, #20]
 113:Core/Src/usart.c ****     HAL_GPIO_Init(GPIOA, &GPIO_InitStruct);
 272              		.loc 1 113 5 is_stmt 1 view .LVU80
 113:Core/Src/usart.c ****     HAL_GPIO_Init(GPIOA, &GPIO_InitStruct);
 273              		.loc 1 113 26 is_stmt 0 view .LVU81
 274 0068 0693     		str	r3, [sp, #24]
 114:Core/Src/usart.c **** 
 275              		.loc 1 114 5 is_stmt 1 view .LVU82
 276 006a 04A9     		add	r1, sp, #16
 277 006c 2046     		mov	r0, r4
 278 006e FFF7FEFF 		bl	HAL_GPIO_Init
 279              	.LVL9:
 280 0072 D3E7     		b	.L13
 281              	.LVL10:
 282              	.L18:
 126:Core/Src/usart.c **** 
 283              		.loc 1 126 5 view .LVU83
 284              	.LBB4:
ARM GAS  /tmp/ccM1Jfxj.s 			page 9


 126:Core/Src/usart.c **** 
 285              		.loc 1 126 5 view .LVU84
 126:Core/Src/usart.c **** 
 286              		.loc 1 126 5 view .LVU85
 287 0074 164B     		ldr	r3, .L19+8
 288 0076 DA69     		ldr	r2, [r3, #28]
 289 0078 42F48022 		orr	r2, r2, #262144
 290 007c DA61     		str	r2, [r3, #28]
 126:Core/Src/usart.c **** 
 291              		.loc 1 126 5 view .LVU86
 292 007e DA69     		ldr	r2, [r3, #28]
 293 0080 02F48022 		and	r2, r2, #262144
 294 0084 0292     		str	r2, [sp, #8]
 126:Core/Src/usart.c **** 
 295              		.loc 1 126 5 view .LVU87
 296 0086 029A     		ldr	r2, [sp, #8]
 297              	.LBE4:
 126:Core/Src/usart.c **** 
 298              		.loc 1 126 5 view .LVU88
 128:Core/Src/usart.c ****     /**USART3 GPIO Configuration
 299              		.loc 1 128 5 view .LVU89
 300              	.LBB5:
 128:Core/Src/usart.c ****     /**USART3 GPIO Configuration
 301              		.loc 1 128 5 view .LVU90
 128:Core/Src/usart.c ****     /**USART3 GPIO Configuration
 302              		.loc 1 128 5 view .LVU91
 303 0088 9A69     		ldr	r2, [r3, #24]
 304 008a 42F00802 		orr	r2, r2, #8
 305 008e 9A61     		str	r2, [r3, #24]
 128:Core/Src/usart.c ****     /**USART3 GPIO Configuration
 306              		.loc 1 128 5 view .LVU92
 307 0090 9B69     		ldr	r3, [r3, #24]
 308 0092 03F00803 		and	r3, r3, #8
 309 0096 0393     		str	r3, [sp, #12]
 128:Core/Src/usart.c ****     /**USART3 GPIO Configuration
 310              		.loc 1 128 5 view .LVU93
 311 0098 039B     		ldr	r3, [sp, #12]
 312              	.LBE5:
 128:Core/Src/usart.c ****     /**USART3 GPIO Configuration
 313              		.loc 1 128 5 view .LVU94
 133:Core/Src/usart.c ****     GPIO_InitStruct.Mode = GPIO_MODE_AF_PP;
 314              		.loc 1 133 5 view .LVU95
 133:Core/Src/usart.c ****     GPIO_InitStruct.Mode = GPIO_MODE_AF_PP;
 315              		.loc 1 133 25 is_stmt 0 view .LVU96
 316 009a 4FF48063 		mov	r3, #1024
 317 009e 0493     		str	r3, [sp, #16]
 134:Core/Src/usart.c ****     GPIO_InitStruct.Speed = GPIO_SPEED_FREQ_HIGH;
 318              		.loc 1 134 5 is_stmt 1 view .LVU97
 134:Core/Src/usart.c ****     GPIO_InitStruct.Speed = GPIO_SPEED_FREQ_HIGH;
 319              		.loc 1 134 26 is_stmt 0 view .LVU98
 320 00a0 0223     		movs	r3, #2
 321 00a2 0593     		str	r3, [sp, #20]
 135:Core/Src/usart.c ****     HAL_GPIO_Init(GPIOB, &GPIO_InitStruct);
 322              		.loc 1 135 5 is_stmt 1 view .LVU99
 135:Core/Src/usart.c ****     HAL_GPIO_Init(GPIOB, &GPIO_InitStruct);
 323              		.loc 1 135 27 is_stmt 0 view .LVU100
 324 00a4 0323     		movs	r3, #3
ARM GAS  /tmp/ccM1Jfxj.s 			page 10


 325 00a6 0793     		str	r3, [sp, #28]
 136:Core/Src/usart.c **** 
 326              		.loc 1 136 5 is_stmt 1 view .LVU101
 327 00a8 0B4C     		ldr	r4, .L19+16
 328 00aa 04A9     		add	r1, sp, #16
 329 00ac 2046     		mov	r0, r4
 330              	.LVL11:
 136:Core/Src/usart.c **** 
 331              		.loc 1 136 5 is_stmt 0 view .LVU102
 332 00ae FFF7FEFF 		bl	HAL_GPIO_Init
 333              	.LVL12:
 138:Core/Src/usart.c ****     GPIO_InitStruct.Mode = GPIO_MODE_INPUT;
 334              		.loc 1 138 5 is_stmt 1 view .LVU103
 138:Core/Src/usart.c ****     GPIO_InitStruct.Mode = GPIO_MODE_INPUT;
 335              		.loc 1 138 25 is_stmt 0 view .LVU104
 336 00b2 4FF40063 		mov	r3, #2048
 337 00b6 0493     		str	r3, [sp, #16]
 139:Core/Src/usart.c ****     GPIO_InitStruct.Pull = GPIO_NOPULL;
 338              		.loc 1 139 5 is_stmt 1 view .LVU105
 139:Core/Src/usart.c ****     GPIO_InitStruct.Pull = GPIO_NOPULL;
 339              		.loc 1 139 26 is_stmt 0 view .LVU106
 340 00b8 0023     		movs	r3, #0
 341 00ba 0593     		str	r3, [sp, #20]
 140:Core/Src/usart.c ****     HAL_GPIO_Init(GPIOB, &GPIO_InitStruct);
 342              		.loc 1 140 5 is_stmt 1 view .LVU107
 140:Core/Src/usart.c ****     HAL_GPIO_Init(GPIOB, &GPIO_InitStruct);
 343              		.loc 1 140 26 is_stmt 0 view .LVU108
 344 00bc 0693     		str	r3, [sp, #24]
 141:Core/Src/usart.c **** 
 345              		.loc 1 141 5 is_stmt 1 view .LVU109
 346 00be 04A9     		add	r1, sp, #16
 347 00c0 2046     		mov	r0, r4
 348 00c2 FFF7FEFF 		bl	HAL_GPIO_Init
 349              	.LVL13:
 350              		.loc 1 147 1 is_stmt 0 view .LVU110
 351 00c6 A9E7     		b	.L13
 352              	.L20:
 353              		.align	2
 354              	.L19:
 355 00c8 00380140 		.word	1073821696
 356 00cc 00480040 		.word	1073760256
 357 00d0 00100240 		.word	1073876992
 358 00d4 00080140 		.word	1073809408
 359 00d8 000C0140 		.word	1073810432
 360              		.cfi_endproc
 361              	.LFE67:
 363              		.section	.text.HAL_UART_MspDeInit,"ax",%progbits
 364              		.align	1
 365              		.global	HAL_UART_MspDeInit
 366              		.syntax unified
 367              		.thumb
 368              		.thumb_func
 370              	HAL_UART_MspDeInit:
 371              	.LVL14:
 372              	.LFB68:
 148:Core/Src/usart.c **** 
 149:Core/Src/usart.c **** void HAL_UART_MspDeInit(UART_HandleTypeDef* uartHandle)
ARM GAS  /tmp/ccM1Jfxj.s 			page 11


 150:Core/Src/usart.c **** {
 373              		.loc 1 150 1 is_stmt 1 view -0
 374              		.cfi_startproc
 375              		@ args = 0, pretend = 0, frame = 0
 376              		@ frame_needed = 0, uses_anonymous_args = 0
 377              		.loc 1 150 1 is_stmt 0 view .LVU112
 378 0000 08B5     		push	{r3, lr}
 379              	.LCFI6:
 380              		.cfi_def_cfa_offset 8
 381              		.cfi_offset 3, -8
 382              		.cfi_offset 14, -4
 151:Core/Src/usart.c **** 
 152:Core/Src/usart.c ****   if(uartHandle->Instance==USART1)
 383              		.loc 1 152 3 is_stmt 1 view .LVU113
 384              		.loc 1 152 16 is_stmt 0 view .LVU114
 385 0002 0368     		ldr	r3, [r0]
 386              		.loc 1 152 5 view .LVU115
 387 0004 0F4A     		ldr	r2, .L27
 388 0006 9342     		cmp	r3, r2
 389 0008 03D0     		beq	.L25
 153:Core/Src/usart.c ****   {
 154:Core/Src/usart.c ****   /* USER CODE BEGIN USART1_MspDeInit 0 */
 155:Core/Src/usart.c **** 
 156:Core/Src/usart.c ****   /* USER CODE END USART1_MspDeInit 0 */
 157:Core/Src/usart.c ****     /* Peripheral clock disable */
 158:Core/Src/usart.c ****     __HAL_RCC_USART1_CLK_DISABLE();
 159:Core/Src/usart.c **** 
 160:Core/Src/usart.c ****     /**USART1 GPIO Configuration
 161:Core/Src/usart.c ****     PA9     ------> USART1_TX
 162:Core/Src/usart.c ****     PA10     ------> USART1_RX
 163:Core/Src/usart.c ****     */
 164:Core/Src/usart.c ****     HAL_GPIO_DeInit(GPIOA, GPIO_PIN_9|GPIO_PIN_10);
 165:Core/Src/usart.c **** 
 166:Core/Src/usart.c ****   /* USER CODE BEGIN USART1_MspDeInit 1 */
 167:Core/Src/usart.c **** 
 168:Core/Src/usart.c ****   /* USER CODE END USART1_MspDeInit 1 */
 169:Core/Src/usart.c ****   }
 170:Core/Src/usart.c ****   else if(uartHandle->Instance==USART3)
 390              		.loc 1 170 8 is_stmt 1 view .LVU116
 391              		.loc 1 170 10 is_stmt 0 view .LVU117
 392 000a 0F4A     		ldr	r2, .L27+4
 393 000c 9342     		cmp	r3, r2
 394 000e 0CD0     		beq	.L26
 395              	.LVL15:
 396              	.L21:
 171:Core/Src/usart.c ****   {
 172:Core/Src/usart.c ****   /* USER CODE BEGIN USART3_MspDeInit 0 */
 173:Core/Src/usart.c **** 
 174:Core/Src/usart.c ****   /* USER CODE END USART3_MspDeInit 0 */
 175:Core/Src/usart.c ****     /* Peripheral clock disable */
 176:Core/Src/usart.c ****     __HAL_RCC_USART3_CLK_DISABLE();
 177:Core/Src/usart.c **** 
 178:Core/Src/usart.c ****     /**USART3 GPIO Configuration
 179:Core/Src/usart.c ****     PB10     ------> USART3_TX
 180:Core/Src/usart.c ****     PB11     ------> USART3_RX
 181:Core/Src/usart.c ****     */
 182:Core/Src/usart.c ****     HAL_GPIO_DeInit(GPIOB, GPIO_PIN_10|GPIO_PIN_11);
ARM GAS  /tmp/ccM1Jfxj.s 			page 12


 183:Core/Src/usart.c **** 
 184:Core/Src/usart.c ****   /* USER CODE BEGIN USART3_MspDeInit 1 */
 185:Core/Src/usart.c **** 
 186:Core/Src/usart.c ****   /* USER CODE END USART3_MspDeInit 1 */
 187:Core/Src/usart.c ****   }
 188:Core/Src/usart.c **** }
 397              		.loc 1 188 1 view .LVU118
 398 0010 08BD     		pop	{r3, pc}
 399              	.LVL16:
 400              	.L25:
 158:Core/Src/usart.c **** 
 401              		.loc 1 158 5 is_stmt 1 view .LVU119
 402 0012 02F55842 		add	r2, r2, #55296
 403 0016 9369     		ldr	r3, [r2, #24]
 404 0018 23F48043 		bic	r3, r3, #16384
 405 001c 9361     		str	r3, [r2, #24]
 164:Core/Src/usart.c **** 
 406              		.loc 1 164 5 view .LVU120
 407 001e 4FF4C061 		mov	r1, #1536
 408 0022 0A48     		ldr	r0, .L27+8
 409              	.LVL17:
 164:Core/Src/usart.c **** 
 410              		.loc 1 164 5 is_stmt 0 view .LVU121
 411 0024 FFF7FEFF 		bl	HAL_GPIO_DeInit
 412              	.LVL18:
 413 0028 F2E7     		b	.L21
 414              	.LVL19:
 415              	.L26:
 176:Core/Src/usart.c **** 
 416              		.loc 1 176 5 is_stmt 1 view .LVU122
 417 002a 02F5E432 		add	r2, r2, #116736
 418 002e D369     		ldr	r3, [r2, #28]
 419 0030 23F48023 		bic	r3, r3, #262144
 420 0034 D361     		str	r3, [r2, #28]
 182:Core/Src/usart.c **** 
 421              		.loc 1 182 5 view .LVU123
 422 0036 4FF44061 		mov	r1, #3072
 423 003a 0548     		ldr	r0, .L27+12
 424              	.LVL20:
 182:Core/Src/usart.c **** 
 425              		.loc 1 182 5 is_stmt 0 view .LVU124
 426 003c FFF7FEFF 		bl	HAL_GPIO_DeInit
 427              	.LVL21:
 428              		.loc 1 188 1 view .LVU125
 429 0040 E6E7     		b	.L21
 430              	.L28:
 431 0042 00BF     		.align	2
 432              	.L27:
 433 0044 00380140 		.word	1073821696
 434 0048 00480040 		.word	1073760256
 435 004c 00080140 		.word	1073809408
 436 0050 000C0140 		.word	1073810432
 437              		.cfi_endproc
 438              	.LFE68:
 440              		.global	huart3
 441              		.section	.bss.huart3,"aw",%nobits
 442              		.align	2
ARM GAS  /tmp/ccM1Jfxj.s 			page 13


 445              	huart3:
 446 0000 00000000 		.space	72
 446      00000000 
 446      00000000 
 446      00000000 
 446      00000000 
 447              		.global	huart1
 448              		.section	.bss.huart1,"aw",%nobits
 449              		.align	2
 452              	huart1:
 453 0000 00000000 		.space	72
 453      00000000 
 453      00000000 
 453      00000000 
 453      00000000 
 454              		.text
 455              	.Letext0:
 456              		.file 2 "/usr/lib/gcc/arm-none-eabi/12.2.1/include/stdint.h"
 457              		.file 3 "Drivers/CMSIS/Device/ST/STM32F1xx/Include/stm32f103xb.h"
 458              		.file 4 "Drivers/STM32F1xx_HAL_Driver/Inc/stm32f1xx_hal_def.h"
 459              		.file 5 "Drivers/STM32F1xx_HAL_Driver/Inc/stm32f1xx_hal_gpio.h"
 460              		.file 6 "Drivers/STM32F1xx_HAL_Driver/Inc/stm32f1xx_hal_dma.h"
 461              		.file 7 "Drivers/STM32F1xx_HAL_Driver/Inc/stm32f1xx_hal_uart.h"
 462              		.file 8 "Core/Inc/usart.h"
 463              		.file 9 "Core/Inc/main.h"
ARM GAS  /tmp/ccM1Jfxj.s 			page 14


DEFINED SYMBOLS
                            *ABS*:0000000000000000 usart.c
     /tmp/ccM1Jfxj.s:19     .text.MX_USART1_UART_Init:0000000000000000 $t
     /tmp/ccM1Jfxj.s:25     .text.MX_USART1_UART_Init:0000000000000000 MX_USART1_UART_Init
     /tmp/ccM1Jfxj.s:83     .text.MX_USART1_UART_Init:000000000000002c $d
     /tmp/ccM1Jfxj.s:452    .bss.huart1:0000000000000000 huart1
     /tmp/ccM1Jfxj.s:89     .text.MX_USART3_UART_Init:0000000000000000 $t
     /tmp/ccM1Jfxj.s:95     .text.MX_USART3_UART_Init:0000000000000000 MX_USART3_UART_Init
     /tmp/ccM1Jfxj.s:153    .text.MX_USART3_UART_Init:000000000000002c $d
     /tmp/ccM1Jfxj.s:445    .bss.huart3:0000000000000000 huart3
     /tmp/ccM1Jfxj.s:159    .text.HAL_UART_MspInit:0000000000000000 $t
     /tmp/ccM1Jfxj.s:165    .text.HAL_UART_MspInit:0000000000000000 HAL_UART_MspInit
     /tmp/ccM1Jfxj.s:355    .text.HAL_UART_MspInit:00000000000000c8 $d
     /tmp/ccM1Jfxj.s:364    .text.HAL_UART_MspDeInit:0000000000000000 $t
     /tmp/ccM1Jfxj.s:370    .text.HAL_UART_MspDeInit:0000000000000000 HAL_UART_MspDeInit
     /tmp/ccM1Jfxj.s:433    .text.HAL_UART_MspDeInit:0000000000000044 $d
     /tmp/ccM1Jfxj.s:442    .bss.huart3:0000000000000000 $d
     /tmp/ccM1Jfxj.s:449    .bss.huart1:0000000000000000 $d

UNDEFINED SYMBOLS
HAL_UART_Init
Error_Handler
HAL_GPIO_Init
HAL_GPIO_DeInit
